<?xml version="1.0" encoding="UTF-8"?>
<!-- Generated by org.testng.reporters.JUnitReportReporter -->
<testsuite hostname="Ora" failures="0" tests="1" name="test.TestNG_Demo" time="3.252" errors="0" timestamp="2021-07-08T01:59:13 CDT" skipped="0">
  <testcase classname="test.TestNG_Demo" name="googleSearch" time="3.252"/>
  <system-out/>
</testsuite> <!-- test.TestNG_Demo -->
