<?xml version="1.0" encoding="UTF-8"?>
<!-- Generated by org.testng.reporters.JUnitReportReporter -->
<testsuite hostname="Ora" failures="0" tests="1" name="test.TestNG_Demo2" time="4.590" errors="0" timestamp="2021-06-15T06:52:07 CDT" skipped="0">
  <testcase classname="test.TestNG_Demo2" name="googleSearch2" time="4.590"/>
  <system-out/>
</testsuite> <!-- test.TestNG_Demo2 -->
