<?xml version="1.0" encoding="UTF-8"?>
<!-- Generated by org.testng.reporters.JUnitReportReporter -->
<testsuite hostname="Ora" failures="0" tests="2" name="test.ExtentReportsDemoWithTestNG" time="2.900" errors="0" timestamp="2021-06-15T05:35:57 CDT" skipped="0">
  <testcase classname="test.ExtentReportsDemoWithTestNG" name="test1" time="2.898"/>
  <system-out/>
  <testcase classname="test.ExtentReportsDemoWithTestNG" name="test2" time="0.002"/>
  <system-out/>
</testsuite> <!-- test.ExtentReportsDemoWithTestNG -->
